TN:
SF:dist\__test__\fakeExpress.js
FN:2,(anonymous_0)
FN:3,adopt
FN:3,(anonymous_2)
FN:4,(anonymous_3)
FN:5,fulfilled
FN:6,rejected
FN:7,step
FN:11,(anonymous_7)
FN:12,(anonymous_8)
FN:13,(anonymous_9)
FN:14,verb
FN:14,(anonymous_11)
FN:15,step
FN:40,(anonymous_13)
FN:41,FakeExpress
FN:47,(anonymous_15)
FN:51,(anonymous_16)
FN:55,(anonymous_17)
FN:64,(anonymous_18)
FN:65,(anonymous_19)
FN:66,(anonymous_20)
FN:76,(anonymous_21)
FN:77,(anonymous_22)
FN:78,(anonymous_23)
FN:90,(anonymous_24)
FN:91,(anonymous_25)
FN:92,(anonymous_26)
FN:104,(anonymous_27)
FN:105,(anonymous_28)
FN:106,(anonymous_29)
FN:118,(anonymous_30)
FN:119,(anonymous_31)
FN:120,(anonymous_32)
FNF:33
FNH:23
FNDA:5,(anonymous_0)
FNDA:5,adopt
FNDA:0,(anonymous_2)
FNDA:5,(anonymous_3)
FNDA:5,fulfilled
FNDA:0,rejected
FNDA:10,step
FNDA:5,(anonymous_7)
FNDA:5,(anonymous_8)
FNDA:0,(anonymous_9)
FNDA:15,verb
FNDA:10,(anonymous_11)
FNDA:10,step
FNDA:1,(anonymous_13)
FNDA:5,FakeExpress
FNDA:4,(anonymous_15)
FNDA:5,(anonymous_16)
FNDA:0,(anonymous_17)
FNDA:3,(anonymous_18)
FNDA:3,(anonymous_19)
FNDA:6,(anonymous_20)
FNDA:0,(anonymous_21)
FNDA:0,(anonymous_22)
FNDA:0,(anonymous_23)
FNDA:0,(anonymous_24)
FNDA:0,(anonymous_25)
FNDA:0,(anonymous_26)
FNDA:1,(anonymous_27)
FNDA:1,(anonymous_28)
FNDA:2,(anonymous_29)
FNDA:1,(anonymous_30)
FNDA:1,(anonymous_31)
FNDA:2,(anonymous_32)
DA:2,1
DA:3,5
DA:4,5
DA:5,5
DA:6,0
DA:7,10
DA:8,5
DA:11,1
DA:12,5
DA:13,5
DA:14,15
DA:16,10
DA:17,20
DA:18,20
DA:19,20
DA:20,20
DA:21,10
DA:22,5
DA:23,0
DA:24,0
DA:26,5
DA:27,0
DA:28,0
DA:29,0
DA:30,0
DA:31,0
DA:33,10
DA:34,20
DA:35,5
DA:38,1
DA:39,1
DA:40,1
DA:42,5
DA:43,5
DA:44,5
DA:45,5
DA:48,4
DA:49,4
DA:52,5
DA:53,5
DA:56,0
DA:57,0
DA:58,0
DA:64,1
DA:65,3
DA:66,3
DA:67,6
DA:68,3
DA:70,3
DA:71,3
DA:76,1
DA:77,0
DA:78,0
DA:79,0
DA:81,0
DA:82,0
DA:84,0
DA:85,0
DA:90,1
DA:91,0
DA:92,0
DA:93,0
DA:95,0
DA:96,0
DA:98,0
DA:99,0
DA:104,1
DA:105,1
DA:106,1
DA:107,2
DA:109,1
DA:110,1
DA:112,1
DA:113,1
DA:118,1
DA:119,1
DA:120,1
DA:121,2
DA:123,1
DA:124,1
DA:126,1
DA:127,1
DA:132,1
DA:134,1
LF:84
LH:59
BRDA:2,0,0,1
BRDA:2,0,1,1
BRDA:2,0,2,1
BRDA:3,1,0,5
BRDA:3,1,1,0
BRDA:4,2,0,5
BRDA:4,2,1,5
BRDA:7,3,0,5
BRDA:7,3,1,5
BRDA:8,4,0,5
BRDA:8,4,1,5
BRDA:11,5,0,1
BRDA:11,5,1,1
BRDA:11,5,2,1
BRDA:12,6,0,0
BRDA:12,6,1,5
BRDA:13,7,0,5
BRDA:13,7,1,5
BRDA:16,8,0,0
BRDA:16,8,1,10
BRDA:18,9,0,0
BRDA:18,9,1,20
BRDA:18,10,0,20
BRDA:18,10,1,0
BRDA:18,10,2,0
BRDA:18,11,0,0
BRDA:18,11,1,0
BRDA:18,12,0,0
BRDA:18,12,1,0
BRDA:18,13,0,0
BRDA:18,13,1,0
BRDA:18,14,0,0
BRDA:18,14,1,0
BRDA:19,15,0,0
BRDA:19,15,1,20
BRDA:20,16,0,10
BRDA:20,16,1,10
BRDA:20,16,2,5
BRDA:20,16,3,0
BRDA:20,16,4,0
BRDA:20,16,5,5
BRDA:26,17,0,5
BRDA:26,17,1,0
BRDA:26,18,0,5
BRDA:26,18,1,5
BRDA:26,18,2,5
BRDA:26,19,0,5
BRDA:26,19,1,0
BRDA:27,20,0,0
BRDA:27,20,1,0
BRDA:27,21,0,0
BRDA:27,21,1,0
BRDA:27,21,2,0
BRDA:27,21,3,0
BRDA:28,22,0,0
BRDA:28,22,1,0
BRDA:28,23,0,0
BRDA:28,23,1,0
BRDA:29,24,0,0
BRDA:29,24,1,0
BRDA:29,25,0,0
BRDA:29,25,1,0
BRDA:30,26,0,0
BRDA:30,26,1,0
BRDA:35,27,0,0
BRDA:35,27,1,5
BRDA:35,28,0,5
BRDA:35,28,1,0
BRDA:67,29,0,3
BRDA:67,29,1,3
BRDA:79,30,0,0
BRDA:79,30,1,0
BRDA:93,31,0,0
BRDA:93,31,1,0
BRDA:107,32,0,1
BRDA:107,32,1,1
BRDA:121,33,0,1
BRDA:121,33,1,1
BRF:78
BRH:37
end_of_record
TN:
SF:dist\controller\productController\deleteByid.js
FN:2,(anonymous_0)
FN:3,adopt
FN:3,(anonymous_2)
FN:4,(anonymous_3)
FN:5,fulfilled
FN:6,rejected
FN:7,step
FN:11,(anonymous_7)
FN:12,(anonymous_8)
FN:13,(anonymous_9)
FN:14,verb
FN:14,(anonymous_11)
FN:15,step
FN:38,(anonymous_13)
FN:43,(anonymous_14)
FN:43,(anonymous_15)
FN:45,(anonymous_16)
FNF:17
FNH:15
FNDA:1,(anonymous_0)
FNDA:1,adopt
FNDA:1,(anonymous_2)
FNDA:1,(anonymous_3)
FNDA:0,fulfilled
FNDA:1,rejected
FNDA:2,step
FNDA:1,(anonymous_7)
FNDA:2,(anonymous_8)
FNDA:0,(anonymous_9)
FNDA:3,verb
FNDA:2,(anonymous_11)
FNDA:2,step
FNDA:1,(anonymous_13)
FNDA:1,(anonymous_14)
FNDA:1,(anonymous_15)
FNDA:4,(anonymous_16)
DA:2,1
DA:3,1
DA:4,1
DA:5,0
DA:6,1
DA:7,2
DA:8,1
DA:11,1
DA:12,2
DA:13,1
DA:14,3
DA:16,2
DA:17,7
DA:18,7
DA:19,7
DA:20,7
DA:21,2
DA:22,1
DA:23,0
DA:24,0
DA:26,4
DA:27,3
DA:28,2
DA:29,1
DA:30,1
DA:31,1
DA:33,4
DA:34,7
DA:35,1
DA:38,1
DA:39,1
DA:41,1
DA:42,1
DA:43,1
DA:45,1
DA:46,4
DA:48,1
DA:49,1
DA:51,1
DA:52,0
DA:57,0
DA:59,1
DA:60,1
DA:65,1
DA:66,1
LF:45
LH:40
BRDA:2,0,0,1
BRDA:2,0,1,1
BRDA:2,0,2,1
BRDA:3,1,0,0
BRDA:3,1,1,1
BRDA:4,2,0,1
BRDA:4,2,1,1
BRDA:7,3,0,1
BRDA:7,3,1,1
BRDA:8,4,0,1
BRDA:8,4,1,1
BRDA:11,5,0,1
BRDA:11,5,1,1
BRDA:11,5,2,1
BRDA:12,6,0,1
BRDA:12,6,1,1
BRDA:13,7,0,1
BRDA:13,7,1,1
BRDA:16,8,0,0
BRDA:16,8,1,2
BRDA:18,9,0,0
BRDA:18,9,1,7
BRDA:18,10,0,7
BRDA:18,10,1,0
BRDA:18,10,2,0
BRDA:18,11,0,0
BRDA:18,11,1,0
BRDA:18,12,0,0
BRDA:18,12,1,0
BRDA:18,13,0,0
BRDA:18,13,1,0
BRDA:18,14,0,0
BRDA:18,14,1,0
BRDA:19,15,0,0
BRDA:19,15,1,7
BRDA:20,16,0,1
BRDA:20,16,1,2
BRDA:20,16,2,1
BRDA:20,16,3,0
BRDA:20,16,4,0
BRDA:20,16,5,4
BRDA:26,17,0,1
BRDA:26,17,1,3
BRDA:26,18,0,4
BRDA:26,18,1,2
BRDA:26,18,2,2
BRDA:26,19,0,4
BRDA:26,19,1,2
BRDA:27,20,0,1
BRDA:27,20,1,2
BRDA:27,21,0,3
BRDA:27,21,1,2
BRDA:27,21,2,1
BRDA:27,21,3,1
BRDA:28,22,0,1
BRDA:28,22,1,1
BRDA:28,23,0,2
BRDA:28,23,1,1
BRDA:29,24,0,0
BRDA:29,24,1,1
BRDA:29,25,0,1
BRDA:29,25,1,1
BRDA:30,26,0,0
BRDA:30,26,1,1
BRDA:35,27,0,0
BRDA:35,27,1,1
BRDA:35,28,0,1
BRDA:35,28,1,0
BRDA:38,29,0,1
BRDA:38,29,1,1
BRDA:38,29,2,1
BRDA:39,30,0,1
BRDA:39,30,1,0
BRDA:39,31,0,1
BRDA:39,31,1,1
BRDA:46,32,0,1
BRDA:46,32,1,1
BRDA:46,32,2,1
BRDA:46,32,3,1
BRF:79
BRH:58
end_of_record
TN:
SF:dist\controller\productController\getAllproduct.js
FN:2,(anonymous_0)
FN:3,adopt
FN:3,(anonymous_2)
FN:4,(anonymous_3)
FN:5,fulfilled
FN:6,rejected
FN:7,step
FN:11,(anonymous_7)
FN:12,(anonymous_8)
FN:13,(anonymous_9)
FN:14,verb
FN:14,(anonymous_11)
FN:15,step
FN:38,(anonymous_13)
FN:43,(anonymous_14)
FN:43,(anonymous_15)
FN:45,(anonymous_16)
FNF:17
FNH:15
FNDA:1,(anonymous_0)
FNDA:1,adopt
FNDA:1,(anonymous_2)
FNDA:1,(anonymous_3)
FNDA:0,fulfilled
FNDA:1,rejected
FNDA:2,step
FNDA:1,(anonymous_7)
FNDA:2,(anonymous_8)
FNDA:0,(anonymous_9)
FNDA:3,verb
FNDA:2,(anonymous_11)
FNDA:2,step
FNDA:1,(anonymous_13)
FNDA:1,(anonymous_14)
FNDA:1,(anonymous_15)
FNDA:4,(anonymous_16)
DA:2,1
DA:3,1
DA:4,1
DA:5,0
DA:6,1
DA:7,2
DA:8,1
DA:11,1
DA:12,2
DA:13,1
DA:14,3
DA:16,2
DA:17,7
DA:18,7
DA:19,7
DA:20,7
DA:21,2
DA:22,1
DA:23,0
DA:24,0
DA:26,4
DA:27,3
DA:28,2
DA:29,1
DA:30,1
DA:31,1
DA:33,4
DA:34,7
DA:35,1
DA:38,1
DA:39,1
DA:41,1
DA:42,1
DA:43,1
DA:45,1
DA:46,4
DA:48,1
DA:49,1
DA:51,1
DA:52,0
DA:57,0
DA:59,1
DA:60,1
DA:65,1
DA:66,1
LF:45
LH:40
BRDA:2,0,0,1
BRDA:2,0,1,1
BRDA:2,0,2,1
BRDA:3,1,0,0
BRDA:3,1,1,1
BRDA:4,2,0,1
BRDA:4,2,1,1
BRDA:7,3,0,1
BRDA:7,3,1,1
BRDA:8,4,0,1
BRDA:8,4,1,1
BRDA:11,5,0,1
BRDA:11,5,1,1
BRDA:11,5,2,1
BRDA:12,6,0,1
BRDA:12,6,1,1
BRDA:13,7,0,1
BRDA:13,7,1,1
BRDA:16,8,0,0
BRDA:16,8,1,2
BRDA:18,9,0,0
BRDA:18,9,1,7
BRDA:18,10,0,7
BRDA:18,10,1,0
BRDA:18,10,2,0
BRDA:18,11,0,0
BRDA:18,11,1,0
BRDA:18,12,0,0
BRDA:18,12,1,0
BRDA:18,13,0,0
BRDA:18,13,1,0
BRDA:18,14,0,0
BRDA:18,14,1,0
BRDA:19,15,0,0
BRDA:19,15,1,7
BRDA:20,16,0,1
BRDA:20,16,1,2
BRDA:20,16,2,1
BRDA:20,16,3,0
BRDA:20,16,4,0
BRDA:20,16,5,4
BRDA:26,17,0,1
BRDA:26,17,1,3
BRDA:26,18,0,4
BRDA:26,18,1,2
BRDA:26,18,2,2
BRDA:26,19,0,4
BRDA:26,19,1,2
BRDA:27,20,0,1
BRDA:27,20,1,2
BRDA:27,21,0,3
BRDA:27,21,1,2
BRDA:27,21,2,1
BRDA:27,21,3,1
BRDA:28,22,0,1
BRDA:28,22,1,1
BRDA:28,23,0,2
BRDA:28,23,1,1
BRDA:29,24,0,0
BRDA:29,24,1,1
BRDA:29,25,0,1
BRDA:29,25,1,1
BRDA:30,26,0,0
BRDA:30,26,1,1
BRDA:35,27,0,0
BRDA:35,27,1,1
BRDA:35,28,0,1
BRDA:35,28,1,0
BRDA:38,29,0,1
BRDA:38,29,1,1
BRDA:38,29,2,1
BRDA:39,30,0,1
BRDA:39,30,1,0
BRDA:39,31,0,1
BRDA:39,31,1,1
BRDA:46,32,0,1
BRDA:46,32,1,1
BRDA:46,32,2,1
BRDA:46,32,3,1
BRF:79
BRH:58
end_of_record
TN:
SF:dist\controller\productController\getProductbyid.js
FN:2,(anonymous_0)
FN:3,adopt
FN:3,(anonymous_2)
FN:4,(anonymous_3)
FN:5,fulfilled
FN:6,rejected
FN:7,step
FN:11,(anonymous_7)
FN:12,(anonymous_8)
FN:13,(anonymous_9)
FN:14,verb
FN:14,(anonymous_11)
FN:15,step
FN:38,(anonymous_13)
FN:43,(anonymous_14)
FN:43,(anonymous_15)
FN:45,(anonymous_16)
FNF:17
FNH:15
FNDA:1,(anonymous_0)
FNDA:1,adopt
FNDA:1,(anonymous_2)
FNDA:1,(anonymous_3)
FNDA:0,fulfilled
FNDA:1,rejected
FNDA:2,step
FNDA:1,(anonymous_7)
FNDA:2,(anonymous_8)
FNDA:0,(anonymous_9)
FNDA:3,verb
FNDA:2,(anonymous_11)
FNDA:2,step
FNDA:1,(anonymous_13)
FNDA:1,(anonymous_14)
FNDA:1,(anonymous_15)
FNDA:4,(anonymous_16)
DA:2,1
DA:3,1
DA:4,1
DA:5,0
DA:6,1
DA:7,2
DA:8,1
DA:11,1
DA:12,2
DA:13,1
DA:14,3
DA:16,2
DA:17,7
DA:18,7
DA:19,7
DA:20,7
DA:21,2
DA:22,1
DA:23,0
DA:24,0
DA:26,4
DA:27,3
DA:28,2
DA:29,1
DA:30,1
DA:31,1
DA:33,4
DA:34,7
DA:35,1
DA:38,1
DA:39,1
DA:41,1
DA:42,1
DA:43,1
DA:45,1
DA:46,4
DA:48,1
DA:49,1
DA:51,1
DA:52,1
DA:54,1
DA:55,0
DA:60,0
DA:62,1
DA:63,1
DA:68,1
DA:69,1
LF:47
LH:42
BRDA:2,0,0,1
BRDA:2,0,1,1
BRDA:2,0,2,1
BRDA:3,1,0,0
BRDA:3,1,1,1
BRDA:4,2,0,1
BRDA:4,2,1,1
BRDA:7,3,0,1
BRDA:7,3,1,1
BRDA:8,4,0,1
BRDA:8,4,1,1
BRDA:11,5,0,1
BRDA:11,5,1,1
BRDA:11,5,2,1
BRDA:12,6,0,1
BRDA:12,6,1,1
BRDA:13,7,0,1
BRDA:13,7,1,1
BRDA:16,8,0,0
BRDA:16,8,1,2
BRDA:18,9,0,0
BRDA:18,9,1,7
BRDA:18,10,0,7
BRDA:18,10,1,0
BRDA:18,10,2,0
BRDA:18,11,0,0
BRDA:18,11,1,0
BRDA:18,12,0,0
BRDA:18,12,1,0
BRDA:18,13,0,0
BRDA:18,13,1,0
BRDA:18,14,0,0
BRDA:18,14,1,0
BRDA:19,15,0,0
BRDA:19,15,1,7
BRDA:20,16,0,1
BRDA:20,16,1,2
BRDA:20,16,2,1
BRDA:20,16,3,0
BRDA:20,16,4,0
BRDA:20,16,5,4
BRDA:26,17,0,1
BRDA:26,17,1,3
BRDA:26,18,0,4
BRDA:26,18,1,2
BRDA:26,18,2,2
BRDA:26,19,0,4
BRDA:26,19,1,2
BRDA:27,20,0,1
BRDA:27,20,1,2
BRDA:27,21,0,3
BRDA:27,21,1,2
BRDA:27,21,2,1
BRDA:27,21,3,1
BRDA:28,22,0,1
BRDA:28,22,1,1
BRDA:28,23,0,2
BRDA:28,23,1,1
BRDA:29,24,0,0
BRDA:29,24,1,1
BRDA:29,25,0,1
BRDA:29,25,1,1
BRDA:30,26,0,0
BRDA:30,26,1,1
BRDA:35,27,0,0
BRDA:35,27,1,1
BRDA:35,28,0,1
BRDA:35,28,1,0
BRDA:38,29,0,1
BRDA:38,29,1,1
BRDA:38,29,2,1
BRDA:39,30,0,1
BRDA:39,30,1,0
BRDA:39,31,0,1
BRDA:39,31,1,1
BRDA:46,32,0,1
BRDA:46,32,1,1
BRDA:46,32,2,1
BRDA:46,32,3,1
BRDA:46,32,4,1
BRF:80
BRH:59
end_of_record
TN:
SF:dist\controller\productController\postProduct.js
FN:2,(anonymous_0)
FN:3,adopt
FN:3,(anonymous_2)
FN:4,(anonymous_3)
FN:5,fulfilled
FN:6,rejected
FN:7,step
FN:11,(anonymous_7)
FN:12,(anonymous_8)
FN:13,(anonymous_9)
FN:14,verb
FN:14,(anonymous_11)
FN:15,step
FN:38,(anonymous_13)
FN:43,(anonymous_14)
FN:43,(anonymous_15)
FN:45,(anonymous_16)
FNF:17
FNH:14
FNDA:1,(anonymous_0)
FNDA:1,adopt
FNDA:0,(anonymous_2)
FNDA:1,(anonymous_3)
FNDA:0,fulfilled
FNDA:1,rejected
FNDA:2,step
FNDA:1,(anonymous_7)
FNDA:2,(anonymous_8)
FNDA:0,(anonymous_9)
FNDA:3,verb
FNDA:2,(anonymous_11)
FNDA:2,step
FNDA:1,(anonymous_13)
FNDA:1,(anonymous_14)
FNDA:1,(anonymous_15)
FNDA:4,(anonymous_16)
DA:2,1
DA:3,1
DA:4,1
DA:5,0
DA:6,1
DA:7,2
DA:8,1
DA:11,1
DA:12,2
DA:13,1
DA:14,3
DA:16,2
DA:17,7
DA:18,7
DA:19,7
DA:20,7
DA:21,2
DA:22,1
DA:23,0
DA:24,0
DA:26,4
DA:27,3
DA:28,2
DA:29,1
DA:30,1
DA:31,1
DA:33,4
DA:34,7
DA:35,1
DA:38,1
DA:39,1
DA:41,1
DA:42,1
DA:43,1
DA:45,1
DA:46,4
DA:48,1
DA:49,1
DA:50,1
DA:52,1
DA:54,0
DA:59,0
DA:61,1
DA:62,1
DA:67,1
DA:68,1
LF:46
LH:41
BRDA:2,0,0,1
BRDA:2,0,1,1
BRDA:2,0,2,1
BRDA:3,1,0,1
BRDA:3,1,1,0
BRDA:4,2,0,1
BRDA:4,2,1,1
BRDA:7,3,0,1
BRDA:7,3,1,1
BRDA:8,4,0,1
BRDA:8,4,1,1
BRDA:11,5,0,1
BRDA:11,5,1,1
BRDA:11,5,2,1
BRDA:12,6,0,1
BRDA:12,6,1,1
BRDA:13,7,0,1
BRDA:13,7,1,1
BRDA:16,8,0,0
BRDA:16,8,1,2
BRDA:18,9,0,0
BRDA:18,9,1,7
BRDA:18,10,0,7
BRDA:18,10,1,0
BRDA:18,10,2,0
BRDA:18,11,0,0
BRDA:18,11,1,0
BRDA:18,12,0,0
BRDA:18,12,1,0
BRDA:18,13,0,0
BRDA:18,13,1,0
BRDA:18,14,0,0
BRDA:18,14,1,0
BRDA:19,15,0,0
BRDA:19,15,1,7
BRDA:20,16,0,1
BRDA:20,16,1,2
BRDA:20,16,2,1
BRDA:20,16,3,0
BRDA:20,16,4,0
BRDA:20,16,5,4
BRDA:26,17,0,1
BRDA:26,17,1,3
BRDA:26,18,0,4
BRDA:26,18,1,2
BRDA:26,18,2,2
BRDA:26,19,0,4
BRDA:26,19,1,2
BRDA:27,20,0,1
BRDA:27,20,1,2
BRDA:27,21,0,3
BRDA:27,21,1,2
BRDA:27,21,2,1
BRDA:27,21,3,1
BRDA:28,22,0,1
BRDA:28,22,1,1
BRDA:28,23,0,2
BRDA:28,23,1,1
BRDA:29,24,0,0
BRDA:29,24,1,1
BRDA:29,25,0,1
BRDA:29,25,1,1
BRDA:30,26,0,0
BRDA:30,26,1,1
BRDA:35,27,0,0
BRDA:35,27,1,1
BRDA:35,28,0,1
BRDA:35,28,1,0
BRDA:38,29,0,1
BRDA:38,29,1,1
BRDA:38,29,2,1
BRDA:39,30,0,1
BRDA:39,30,1,0
BRDA:39,31,0,1
BRDA:39,31,1,1
BRDA:46,32,0,1
BRDA:46,32,1,1
BRDA:46,32,2,1
BRDA:46,32,3,1
BRF:79
BRH:58
end_of_record
TN:
SF:dist\controller\productController\putByid.js
FN:2,(anonymous_0)
FN:3,adopt
FN:3,(anonymous_2)
FN:4,(anonymous_3)
FN:5,fulfilled
FN:6,rejected
FN:7,step
FN:11,(anonymous_7)
FN:12,(anonymous_8)
FN:13,(anonymous_9)
FN:14,verb
FN:14,(anonymous_11)
FN:15,step
FN:38,(anonymous_13)
FN:43,(anonymous_14)
FN:43,(anonymous_15)
FN:45,(anonymous_16)
FNF:17
FNH:15
FNDA:1,(anonymous_0)
FNDA:1,adopt
FNDA:1,(anonymous_2)
FNDA:1,(anonymous_3)
FNDA:0,fulfilled
FNDA:1,rejected
FNDA:2,step
FNDA:1,(anonymous_7)
FNDA:2,(anonymous_8)
FNDA:0,(anonymous_9)
FNDA:3,verb
FNDA:2,(anonymous_11)
FNDA:2,step
FNDA:1,(anonymous_13)
FNDA:1,(anonymous_14)
FNDA:1,(anonymous_15)
FNDA:4,(anonymous_16)
DA:2,1
DA:3,1
DA:4,1
DA:5,0
DA:6,1
DA:7,2
DA:8,1
DA:11,1
DA:12,2
DA:13,1
DA:14,3
DA:16,2
DA:17,7
DA:18,7
DA:19,7
DA:20,7
DA:21,2
DA:22,1
DA:23,0
DA:24,0
DA:26,4
DA:27,3
DA:28,2
DA:29,1
DA:30,1
DA:31,1
DA:33,4
DA:34,7
DA:35,1
DA:38,1
DA:39,1
DA:41,1
DA:42,1
DA:43,1
DA:45,1
DA:46,4
DA:48,1
DA:49,1
DA:51,1
DA:52,0
DA:57,0
DA:59,1
DA:60,1
DA:65,1
DA:66,1
LF:45
LH:40
BRDA:2,0,0,1
BRDA:2,0,1,1
BRDA:2,0,2,1
BRDA:3,1,0,0
BRDA:3,1,1,1
BRDA:4,2,0,1
BRDA:4,2,1,1
BRDA:7,3,0,1
BRDA:7,3,1,1
BRDA:8,4,0,1
BRDA:8,4,1,1
BRDA:11,5,0,1
BRDA:11,5,1,1
BRDA:11,5,2,1
BRDA:12,6,0,1
BRDA:12,6,1,1
BRDA:13,7,0,1
BRDA:13,7,1,1
BRDA:16,8,0,0
BRDA:16,8,1,2
BRDA:18,9,0,0
BRDA:18,9,1,7
BRDA:18,10,0,7
BRDA:18,10,1,0
BRDA:18,10,2,0
BRDA:18,11,0,0
BRDA:18,11,1,0
BRDA:18,12,0,0
BRDA:18,12,1,0
BRDA:18,13,0,0
BRDA:18,13,1,0
BRDA:18,14,0,0
BRDA:18,14,1,0
BRDA:19,15,0,0
BRDA:19,15,1,7
BRDA:20,16,0,1
BRDA:20,16,1,2
BRDA:20,16,2,1
BRDA:20,16,3,0
BRDA:20,16,4,0
BRDA:20,16,5,4
BRDA:26,17,0,1
BRDA:26,17,1,3
BRDA:26,18,0,4
BRDA:26,18,1,2
BRDA:26,18,2,2
BRDA:26,19,0,4
BRDA:26,19,1,2
BRDA:27,20,0,1
BRDA:27,20,1,2
BRDA:27,21,0,3
BRDA:27,21,1,2
BRDA:27,21,2,1
BRDA:27,21,3,1
BRDA:28,22,0,1
BRDA:28,22,1,1
BRDA:28,23,0,2
BRDA:28,23,1,1
BRDA:29,24,0,0
BRDA:29,24,1,1
BRDA:29,25,0,1
BRDA:29,25,1,1
BRDA:30,26,0,0
BRDA:30,26,1,1
BRDA:35,27,0,0
BRDA:35,27,1,1
BRDA:35,28,0,1
BRDA:35,28,1,0
BRDA:38,29,0,1
BRDA:38,29,1,1
BRDA:38,29,2,1
BRDA:39,30,0,1
BRDA:39,30,1,0
BRDA:39,31,0,1
BRDA:39,31,1,1
BRDA:46,32,0,1
BRDA:46,32,1,1
BRDA:46,32,2,1
BRDA:46,32,3,1
BRF:79
BRH:58
end_of_record
TN:
SF:dist\model\productSchema.js
FN:2,(anonymous_0)
FNF:1
FNH:1
FNDA:2,(anonymous_0)
DA:2,2
DA:3,2
DA:5,2
DA:6,2
DA:7,2
DA:35,2
LF:6
LH:6
BRDA:2,0,0,2
BRDA:2,0,1,2
BRDA:2,0,2,2
BRDA:3,1,0,0
BRDA:3,1,1,2
BRDA:3,2,0,2
BRDA:3,2,1,2
BRF:7
BRH:6
end_of_record
TN:
SF:dist\routes\productRoutes.js
FN:2,(anonymous_0)
FN:3,adopt
FN:3,(anonymous_2)
FN:4,(anonymous_3)
FN:5,fulfilled
FN:6,rejected
FN:7,step
FN:11,(anonymous_7)
FN:12,(anonymous_8)
FN:13,(anonymous_9)
FN:14,verb
FN:14,(anonymous_11)
FN:15,step
FN:38,(anonymous_13)
FN:56,getRouter
FN:60,(anonymous_15)
FN:60,(anonymous_16)
FN:61,(anonymous_17)
FN:70,(anonymous_18)
FN:70,(anonymous_19)
FN:71,(anonymous_20)
FN:82,(anonymous_21)
FN:82,(anonymous_22)
FN:83,(anonymous_23)
FN:92,(anonymous_24)
FN:92,(anonymous_25)
FN:93,(anonymous_26)
FN:102,(anonymous_27)
FN:102,(anonymous_28)
FN:103,(anonymous_29)
FNF:30
FNH:1
FNDA:0,(anonymous_0)
FNDA:0,adopt
FNDA:0,(anonymous_2)
FNDA:0,(anonymous_3)
FNDA:0,fulfilled
FNDA:0,rejected
FNDA:0,step
FNDA:0,(anonymous_7)
FNDA:0,(anonymous_8)
FNDA:0,(anonymous_9)
FNDA:0,verb
FNDA:0,(anonymous_11)
FNDA:0,step
FNDA:1,(anonymous_13)
FNDA:0,getRouter
FNDA:0,(anonymous_15)
FNDA:0,(anonymous_16)
FNDA:0,(anonymous_17)
FNDA:0,(anonymous_18)
FNDA:0,(anonymous_19)
FNDA:0,(anonymous_20)
FNDA:0,(anonymous_21)
FNDA:0,(anonymous_22)
FNDA:0,(anonymous_23)
FNDA:0,(anonymous_24)
FNDA:0,(anonymous_25)
FNDA:0,(anonymous_26)
FNDA:0,(anonymous_27)
FNDA:0,(anonymous_28)
FNDA:0,(anonymous_29)
DA:2,1
DA:3,0
DA:4,0
DA:5,0
DA:6,0
DA:7,0
DA:8,0
DA:11,1
DA:12,0
DA:13,0
DA:14,0
DA:16,0
DA:17,0
DA:18,0
DA:19,0
DA:20,0
DA:21,0
DA:22,0
DA:23,0
DA:24,0
DA:26,0
DA:27,0
DA:28,0
DA:29,0
DA:30,0
DA:31,0
DA:33,0
DA:34,0
DA:35,0
DA:38,1
DA:39,1
DA:41,1
DA:42,1
DA:48,1
DA:57,0
DA:58,0
DA:60,0
DA:61,0
DA:62,0
DA:63,0
DA:65,0
DA:66,0
DA:70,0
DA:71,0
DA:72,0
DA:73,0
DA:75,0
DA:76,0
DA:80,0
DA:82,0
DA:83,0
DA:84,0
DA:85,0
DA:87,0
DA:88,0
DA:92,0
DA:93,0
DA:94,0
DA:95,0
DA:97,0
DA:98,0
DA:102,0
DA:103,0
DA:104,0
DA:105,0
DA:107,0
DA:108,0
DA:112,0
DA:114,1
LF:69
LH:8
BRDA:2,0,0,1
BRDA:2,0,1,1
BRDA:2,0,2,1
BRDA:3,1,0,0
BRDA:3,1,1,0
BRDA:4,2,0,0
BRDA:4,2,1,0
BRDA:7,3,0,0
BRDA:7,3,1,0
BRDA:8,4,0,0
BRDA:8,4,1,0
BRDA:11,5,0,1
BRDA:11,5,1,1
BRDA:11,5,2,1
BRDA:12,6,0,0
BRDA:12,6,1,0
BRDA:13,7,0,0
BRDA:13,7,1,0
BRDA:16,8,0,0
BRDA:16,8,1,0
BRDA:18,9,0,0
BRDA:18,9,1,0
BRDA:18,10,0,0
BRDA:18,10,1,0
BRDA:18,10,2,0
BRDA:18,11,0,0
BRDA:18,11,1,0
BRDA:18,12,0,0
BRDA:18,12,1,0
BRDA:18,13,0,0
BRDA:18,13,1,0
BRDA:18,14,0,0
BRDA:18,14,1,0
BRDA:19,15,0,0
BRDA:19,15,1,0
BRDA:20,16,0,0
BRDA:20,16,1,0
BRDA:20,16,2,0
BRDA:20,16,3,0
BRDA:20,16,4,0
BRDA:20,16,5,0
BRDA:26,17,0,0
BRDA:26,17,1,0
BRDA:26,18,0,0
BRDA:26,18,1,0
BRDA:26,18,2,0
BRDA:26,19,0,0
BRDA:26,19,1,0
BRDA:27,20,0,0
BRDA:27,20,1,0
BRDA:27,21,0,0
BRDA:27,21,1,0
BRDA:27,21,2,0
BRDA:27,21,3,0
BRDA:28,22,0,0
BRDA:28,22,1,0
BRDA:28,23,0,0
BRDA:28,23,1,0
BRDA:29,24,0,0
BRDA:29,24,1,0
BRDA:29,25,0,0
BRDA:29,25,1,0
BRDA:30,26,0,0
BRDA:30,26,1,0
BRDA:35,27,0,0
BRDA:35,27,1,0
BRDA:35,28,0,0
BRDA:35,28,1,0
BRDA:38,29,0,1
BRDA:38,29,1,1
BRDA:38,29,2,1
BRDA:39,30,0,0
BRDA:39,30,1,1
BRDA:39,31,0,1
BRDA:39,31,1,1
BRDA:62,32,0,0
BRDA:62,32,1,0
BRDA:72,33,0,0
BRDA:72,33,1,0
BRDA:84,34,0,0
BRDA:84,34,1,0
BRDA:94,35,0,0
BRDA:94,35,1,0
BRDA:104,36,0,0
BRDA:104,36,1,0
BRF:85
BRH:12
end_of_record
